<?xml version="1.0" encoding="UTF-8"?>
<testng-results ignored="0" total="1" passed="1" failed="0" skipped="0">
  <reporter-output>
  </reporter-output>
  <suite started-at="2023-01-05T16:51:36 EST" name="All Test Suite" finished-at="2023-01-05T16:51:45 EST" duration-ms="9042">
    <groups>
    </groups>
    <test started-at="2023-01-05T16:51:36 EST" name="C:/Users/chaut/OneDrive/pangiamSecurity" finished-at="2023-01-05T16:51:45 EST" duration-ms="9042">
      <class name="pamgiamHomePage.PangiamHomePageTest">
        <test-method is-config="true" signature="start()[pri:0, instance:pamgiamHomePage.PangiamHomePageTest@703580bf]" started-at="2023-01-05T16:51:36 EST" name="start" finished-at="2023-01-05T16:51:36 EST" duration-ms="8" status="PASS">
          <reporter-output>
          </reporter-output>
        </test-method> <!-- start -->
        <test-method is-config="true" signature="setup()[pri:0, instance:pamgiamHomePage.PangiamHomePageTest@703580bf]" started-at="2023-01-05T16:51:36 EST" name="setup" finished-at="2023-01-05T16:51:43 EST" duration-ms="6403" status="PASS">
          <reporter-output>
          </reporter-output>
        </test-method> <!-- setup -->
        <test-method signature="pangiamFunction()[pri:0, instance:pamgiamHomePage.PangiamHomePageTest@703580bf]" started-at="2023-01-05T16:51:43 EST" name="pangiamFunction" finished-at="2023-01-05T16:51:45 EST" duration-ms="2348" status="PASS">
          <reporter-output>
          </reporter-output>
        </test-method> <!-- pangiamFunction -->
        <test-method is-config="true" signature="teardown()[pri:0, instance:pamgiamHomePage.PangiamHomePageTest@703580bf]" started-at="2023-01-05T16:51:45 EST" name="teardown" finished-at="2023-01-05T16:51:45 EST" duration-ms="251" status="PASS">
          <reporter-output>
          </reporter-output>
        </test-method> <!-- teardown -->
        <test-method is-config="true" signature="afterClass()[pri:0, instance:pamgiamHomePage.PangiamHomePageTest@703580bf]" started-at="2023-01-05T16:51:45 EST" name="afterClass" finished-at="2023-01-05T16:51:45 EST" duration-ms="0" status="PASS">
          <reporter-output>
          </reporter-output>
        </test-method> <!-- afterClass -->
      </class> <!-- pamgiamHomePage.PangiamHomePageTest -->
    </test> <!-- C:/Users/chaut/OneDrive/pangiamSecurity -->
  </suite> <!-- All Test Suite -->
</testng-results>
