<?xml version="1.0" encoding="UTF-8"?>
<testng-results ignored="0" total="1" passed="1" failed="0" skipped="0">
  <reporter-output>
  </reporter-output>
  <suite started-at="2023-01-05T19:28:34 EST" name="Default Suite" finished-at="2023-01-05T19:28:44 EST" duration-ms="9370">
    <groups>
    </groups>
    <test started-at="2023-01-05T19:28:34 EST" name="pangiamSecurity" finished-at="2023-01-05T19:28:44 EST" duration-ms="9370">
      <class name="pamgiamHomePage.PangiamHomePageTest">
        <test-method is-config="true" signature="start()[pri:0, instance:pamgiamHomePage.PangiamHomePageTest@475e586c]" started-at="2023-01-05T19:28:34 EST" name="start" finished-at="2023-01-05T19:28:34 EST" duration-ms="6" status="PASS">
          <reporter-output>
          </reporter-output>
        </test-method> <!-- start -->
        <test-method is-config="true" signature="setup()[pri:0, instance:pamgiamHomePage.PangiamHomePageTest@475e586c]" started-at="2023-01-05T19:28:34 EST" name="setup" finished-at="2023-01-05T19:28:41 EST" duration-ms="6693" status="PASS">
          <reporter-output>
          </reporter-output>
        </test-method> <!-- setup -->
        <test-method signature="pangiamFunction()[pri:0, instance:pamgiamHomePage.PangiamHomePageTest@475e586c]" started-at="2023-01-05T19:28:41 EST" name="pangiamFunction" finished-at="2023-01-05T19:28:44 EST" duration-ms="2373" status="PASS">
          <reporter-output>
          </reporter-output>
        </test-method> <!-- pangiamFunction -->
        <test-method is-config="true" signature="teardown()[pri:0, instance:pamgiamHomePage.PangiamHomePageTest@475e586c]" started-at="2023-01-05T19:28:44 EST" name="teardown" finished-at="2023-01-05T19:28:44 EST" duration-ms="271" status="PASS">
          <reporter-output>
          </reporter-output>
        </test-method> <!-- teardown -->
        <test-method is-config="true" signature="afterClass()[pri:0, instance:pamgiamHomePage.PangiamHomePageTest@475e586c]" started-at="2023-01-05T19:28:44 EST" name="afterClass" finished-at="2023-01-05T19:28:44 EST" duration-ms="1" status="PASS">
          <reporter-output>
          </reporter-output>
        </test-method> <!-- afterClass -->
      </class> <!-- pamgiamHomePage.PangiamHomePageTest -->
    </test> <!-- pangiamSecurity -->
  </suite> <!-- Default Suite -->
</testng-results>
